<?xml version="1.0" encoding="UTF-8" ?>
<testsuite errors="0" failures="0" hostname="MININT-0CDNVTD" name="pt.up.fe.specs.symja.SymjaTest" skipped="0" tests="3" time="1.244" timestamp="2022-04-10T20:06:22">
  <properties>
    <property name="user.dir.ivy.specs-java-libs.settings" value="C:\Users\JBispo\Desktop\test" />
    <property name="ivy.resolve.default.type.filter" value="*" />
    <property name="java.vm.compressedOopsMode.ivy.specs-java-libs.settings" value="Zero based" />
    <property name="java.home" value="C:\Program Files\Java\jdk-15" />
    <property name="user.script.ivy.specs-java-libs.settings" value="" />
    <property name="jdk.debug.ivy.specs-java-libs.settings" value="release" />
    <property name="java.vendor.ivy.specs-java-libs.settings" value="Oracle Corporation" />
    <property name="java.vendor.url.ivy.specs-java-libs.settings" value="https://java.oracle.com/" />
    <property name="ivy.home" value="C:\Users\JBispo\.ivy2" />
    <property name="user.home.ivy.specs-java-libs.settings" value="C:\Users\JBispo" />
    <property name="ivy.deliver.ivy.pattern.ivy.specs-java-libs.settings" value="C:\Users\JBispo\Desktop\test/distrib/[type]s/[artifact]-[revision](-[classifier]).[ext]" />
    <property name="java.runtime.name.ivy.specs-java-libs.settings" value="OpenJDK Runtime Environment" />
    <property name="sun.os.patch.level" value="" />
    <property name="ivy.dep.file" value="ivy.xml" />
    <property name="java.vendor.url" value="https://java.oracle.com/" />
    <property name="java.version" value="15" />
    <property name="sun.stdout.encoding" value="cp437" />
    <property name="sun.java.launcher.ivy.specs-java-libs.settings" value="SUN_STANDARD" />
    <property name="ivy.module" value="SymjaPlus" />
    <property name="java.vendor.url.bug" value="https://bugreport.java.com/bugreport/" />
    <property name="java.version.date" value="2020-09-15" />
    <property name="jdk.debug" value="release" />
    <property name="user.variant.ivy.specs-java-libs.settings" value="" />
    <property name="java.specification.vendor.ivy.specs-java-libs.settings" value="Oracle Corporation" />
    <property name="file.encoding.ivy.specs-java-libs.settings" value="Cp1252" />
    <property name="ivy.default.always.check.exact.revision" value="false" />
    <property name="ivy.settings.file.ivy.specs-java-libs.settings" value="C:\Users\JBispo\AppData\Local\Temp\specs_git_repos\specs-java-libs\ivysettings.xml" />
    <property name="ivy.status.ivy.specs-java-libs.settings" value="integration" />
    <property name="user.name" value="JBispo" />
    <property name="ivy.configurations.ivy.specs-java-libs.settings" value="*" />
    <property name="sun.io.unicode.encoding" value="UnicodeLittle" />
    <property name="ivy.lib.dir.ivy.specs-java-libs.settings" value="C:\Users\JBispo\Desktop\test/lib" />
    <property name="sun.jnu.encoding" value="Cp1252" />
    <property name="java.runtime.name" value="OpenJDK Runtime Environment" />
    <property name="ivy.project.dir.ivy.specs-java-libs.settings" value="C:\Users\JBispo\Desktop\test" />
    <property name="java.specification.name" value="Java Platform API Specification" />
    <property name="user.timezone" value="Europe/Lisbon" />
    <property name="path.separator" value=";" />
    <property name="user.script" value="" />
    <property name="java.runtime.version.ivy.specs-java-libs.settings" value="15+36-1562" />
    <property name="ivy.default.conf.dir" value="jar:file:/C:/Users/JBispo/Desktop/test/eclipse-build.jar!/org/apache/ivy/core/settings" />
    <property name="file.encoding" value="Cp1252" />
    <property name="ant.project.default-target" value="junit" />
    <property name="ivy.targets.copied" value="true" />
    <property name="ivy.parents.count" value="0" />
    <property name="ivy.retrieve.pattern.ivy.specs-java-libs.settings" value="C:\Users\JBispo\Desktop\test/lib/[artifact]-[revision](-[classifier]).[ext]" />
    <property name="sun.java.command" value="org.apache.tools.ant.taskdefs.optional.junit.JUnitTestRunner pt.up.fe.specs.symja.SymjaTest skipNonTests=false filtertrace=true haltOnError=false haltOnFailure=false showoutput=false outputtoformatters=true logfailedtests=true threadid=0 logtestlistenerevents=false formatter=org.apache.tools.ant.taskdefs.optional.junit.XMLJUnitResultFormatter,C:\Users\JBispo\Desktop\test\reports-eclipse-build\TEST-pt.up.fe.specs.symja.SymjaTest.xml crashfile=C:\Users\JBispo\Desktop\test\junitvmwatcher16752063164961753625.properties propsfile=C:\Users\JBispo\Desktop\test\junit3831753075491528157.properties" />
    <property name="java.version.ivy.specs-java-libs.settings" value="15" />
    <property name="java.net.maven.pattern" value="[organisation]/jars/[module]-[revision](-[classifier]).[ext]" />
    <property name="ivy.settings.file" value="ivysettings.xml" />
    <property name="java.io.tmpdir" value="C:\Users\JBispo\AppData\Local\Temp\" />
    <property name="ivy.default.conf.dir.ivy.specs-java-libs.settings" value="jar:file:/C:/Users/JBispo/Desktop/test/eclipse-build.jar!/org/apache/ivy/core/settings" />
    <property name="ivy.cache.ttl.default" value="10s" />
    <property name="java.class.path.ivy.specs-java-libs.settings" value="eclipse-build.jar" />
    <property name="user.language" value="en" />
    <property name="java.vm.name.ivy.specs-java-libs.settings" value="OpenJDK 64-Bit Server VM" />
    <property name="line.separator" value="&#xd;&#xa;" />
    <property name="sun.boot.library.path.ivy.specs-java-libs.settings" value="C:\Program Files\Java\jdk-15\bin" />
    <property name="ivy.default.settings.dir.ivy.specs-java-libs.settings" value="jar:file:/C:/Users/JBispo/Desktop/test/eclipse-build.jar!/org/apache/ivy/core/settings" />
    <property name="java.vm.specification.vendor.ivy.specs-java-libs.settings" value="Oracle Corporation" />
    <property name="ivy.build.artifacts.dir" value="C:\Users\JBispo\Desktop\test/build/artifacts" />
    <property name="sun.stdout.encoding.ivy.specs-java-libs.settings" value="cp437" />
    <property name="ivy.default.always.check.exact.revision.ivy.specs-java-libs.settings" value="false" />
    <property name="ivy.settings.dir.url" value="file:/C:/Users/JBispo/AppData/Local/Temp/specs_git_repos/specs-java-libs/" />
    <property name="java.vm.info" value="mixed mode, sharing" />
    <property name="ivy.status" value="integration" />
    <property name="ivy.lib.dir" value="C:\Users\JBispo\Desktop\test/lib" />
    <property name="basedir.ivy.specs-java-libs.settings" value="C:\Users\JBispo\Desktop\test" />
    <property name="java.vm.specification.name" value="Java Virtual Machine Specification" />
    <property name="ivy.publish.src.artifacts.pattern.ivy.specs-java-libs.settings" value="C:\Users\JBispo\Desktop\test/distrib/[type]s/[artifact]-[revision](-[classifier]).[ext]" />
    <property name="sun.os.patch.level.ivy.specs-java-libs.settings" value="" />
    <property name="ivy.default.ivy.user.dir.ivy.specs-java-libs.settings" value="C:\Users\JBispo\.ivy2" />
    <property name="sun.io.unicode.encoding.ivy.specs-java-libs.settings" value="UnicodeLittle" />
    <property name="ivy.cache.dir" value="C:\Users\JBispo\.ivy2\cache" />
    <property name="java.net.maven.pattern.ivy.specs-java-libs.settings" value="[organisation]/jars/[module]-[revision](-[classifier]).[ext]" />
    <property name="ivy.conf.file.ivy.specs-java-libs.settings" value="C:\Users\JBispo\AppData\Local\Temp\specs_git_repos\specs-java-libs\ivysettings.xml" />
    <property name="ant.version" value="Apache Ant(TM) version 1.10.6 compiled on May 2 2019" />
    <property name="os.name.ivy.specs-java-libs.settings" value="Windows 10" />
    <property name="java.io.tmpdir.ivy.specs-java-libs.settings" value="C:\Users\JBispo\AppData\Local\Temp\" />
    <property name="ivy.default.settings.dir" value="jar:file:/C:/Users/JBispo/Desktop/test/eclipse-build.jar!/org/apache/ivy/core/settings" />
    <property name="java.library.path.ivy.specs-java-libs.settings" value="C:\Program Files\Java\jdk-15\bin;C:\WINDOWS\Sun\Java\bin;C:\WINDOWS\system32;C:\WINDOWS;.;C:\Program Files\NVIDIA GPU Computing Toolkit\CUDA\v11.3\bin;C:\Program Files\NVIDIA GPU Computing Toolkit\CUDA\v11.3\libnvvp;C:\Python38\Scripts\;C:\Python38\;C:\Program Files\Java\jdk-15\bin;C:\Program Files (x86)\Common Files\Oracle\Java\javapath;C:\WINDOWS\system32;C:\WINDOWS;C:\WINDOWS\System32\Wbem;C:\WINDOWS\System32\WindowsPowerShell\v1.0\;C:\WINDOWS\System32\OpenSSH\;C:\Program Files\Git\cmd;C:\Apps\bin;C:\msys64\mingw64\x86_64-w64-mingw32\include;C:\msys64\mingw64\bin;C:\Apps\apache-maven-3.6.3\bin;C:\Program Files\PuTTY\;C:\Program Files\nodejs\;C:\ProgramData\chocolatey\bin;C:\Apps\apache-ant-1.10.9\bin;C:\Program Files\dotnet\;C:\Users\JBispo\Desktop\MIEIC05_Aula01\javacc-javacc-7.0.10\scripts;C:\Apps\gradle-6.8.3\bin;C:\Program Files\NVIDIA Corporation\Nsight Compute 2021.1.1\;C:\Program Files (x86)\NVIDIA Corporation\PhysX\Common;C:\Program Files\Portugal Identity Card\;C:\Apps\Graphviz\bin;;C:\WINDOWS\system32;C:\WINDOWS;C:\WINDOWS\System32\Wbem;C:\WINDOWS\System32\WindowsPowerShell\v1.0\;C:\WINDOWS\System32\OpenSSH\;C:\Program Files\TortoiseGit\bin;C:\Users\JBispo\AppData\Local\Microsoft\WindowsApps;C:\Users\JBispo\AppData\Roaming\npm;C:\Users\JBispo\AppData\Local\Programs\Microsoft VS Code\bin;;." />
    <property name="ivy.configurations" value="*" />
    <property name="java.specification.version.ivy.specs-java-libs.settings" value="15" />
    <property name="java.class.version.ivy.specs-java-libs.settings" value="59.0" />
    <property name="ivy.settings.url" value="file:/C:/Users/JBispo/AppData/Local/Temp/specs_git_repos/specs-java-libs/ivysettings.xml" />
    <property name="os.name" value="Windows 10" />
    <property name="java.specification.vendor" value="Oracle Corporation" />
    <property name="ivy.checksums" value="sha1,md5" />
    <property name="java.vm.name" value="OpenJDK 64-Bit Server VM" />
    <property name="ivy.log.modules.in.use" value="false" />
    <property name="ivy.version" value="2.5.0-rc1" />
    <property name="ivy.report.output.pattern" value="[organisation]-[module]-[conf].[ext]" />
    <property name="sun.awt.enableExtraMouseButtons" value="true" />
    <property name="ivy.conf.url" value="file:/C:/Users/JBispo/AppData/Local/Temp/specs_git_repos/specs-java-libs/ivysettings.xml" />
    <property name="sun.arch.data.model.ivy.specs-java-libs.settings" value="64" />
    <property name="java.library.path" value="C:\Program Files\Java\jdk-15\bin;C:\WINDOWS\Sun\Java\bin;C:\WINDOWS\system32;C:\WINDOWS;.;C:\Program Files\NVIDIA GPU Computing Toolkit\CUDA\v11.3\bin;C:\Program Files\NVIDIA GPU Computing Toolkit\CUDA\v11.3\libnvvp;C:\Python38\Scripts\;C:\Python38\;C:\Program Files\Java\jdk-15\bin;C:\Program Files (x86)\Common Files\Oracle\Java\javapath;C:\WINDOWS\system32;C:\WINDOWS;C:\WINDOWS\System32\Wbem;C:\WINDOWS\System32\WindowsPowerShell\v1.0\;C:\WINDOWS\System32\OpenSSH\;C:\Program Files\Git\cmd;C:\Apps\bin;C:\msys64\mingw64\x86_64-w64-mingw32\include;C:\msys64\mingw64\bin;C:\Apps\apache-maven-3.6.3\bin;C:\Program Files\PuTTY\;C:\Program Files\nodejs\;C:\ProgramData\chocolatey\bin;C:\Apps\apache-ant-1.10.9\bin;C:\Program Files\dotnet\;C:\Users\JBispo\Desktop\MIEIC05_Aula01\javacc-javacc-7.0.10\scripts;C:\Apps\gradle-6.8.3\bin;C:\Program Files\NVIDIA Corporation\Nsight Compute 2021.1.1\;C:\Program Files (x86)\NVIDIA Corporation\PhysX\Common;C:\Program Files\Portugal Identity Card\;C:\Apps\Graphviz\bin;;C:\WINDOWS\system32;C:\WINDOWS;C:\WINDOWS\System32\Wbem;C:\WINDOWS\System32\WindowsPowerShell\v1.0\;C:\WINDOWS\System32\OpenSSH\;C:\Program Files\TortoiseGit\bin;C:\Users\JBispo\AppData\Local\Microsoft\WindowsApps;C:\Users\JBispo\AppData\Roaming\npm;C:\Users\JBispo\AppData\Local\Programs\Microsoft VS Code\bin;;." />
    <property name="java.vm.vendor.ivy.specs-java-libs.settings" value="Oracle Corporation" />
    <property name="ant.java.version" value="15" />
    <property name="ivy.resolve.default.type.filter.ivy.specs-java-libs.settings" value="*" />
    <property name="java.class.version" value="59.0" />
    <property name="basedir" value="C:\Users\JBispo\Desktop\test" />
    <property name="ivy.buildlist.ivyfilepath.ivy.specs-java-libs.settings" value="ivy.xml" />
    <property name="ivy.settings.dir.url.ivy.specs-java-libs.settings" value="file:/C:/Users/JBispo/AppData/Local/Temp/specs_git_repos/specs-java-libs/" />
    <property name="ivy.dep.file.ivy.specs-java-libs.settings" value="ivy.xml" />
    <property name="ivy.resolved.configurations" value="default" />
    <property name="ivy.cache.dir.ivy.specs-java-libs.settings" value="C:\Users\JBispo\.ivy2\cache" />
    <property name="java.home.ivy.specs-java-libs.settings" value="C:\Program Files\Java\jdk-15" />
    <property name="ivy.deliver.ivy.pattern" value="C:\Users\JBispo\Desktop\test/distrib/[type]s/[artifact]-[revision](-[classifier]).[ext]" />
    <property name="ivy.basedir.ivy.specs-java-libs.settings" value="C:\Users\JBispo\Desktop\test" />
    <property name="sun.boot.library.path" value="C:\Program Files\Java\jdk-15\bin" />
    <property name="ivy.report.output.pattern.ivy.specs-java-libs.settings" value="[organisation]-[module]-[conf].[ext]" />
    <property name="ivy.basedir" value="C:\Users\JBispo\Desktop\test" />
    <property name="sun.management.compiler" value="HotSpot 64-Bit Tiered Compilers" />
    <property name="user.variant" value="" />
    <property name="file.separator.ivy.specs-java-libs.settings" value="\" />
    <property name="ant.file.Build file for Eclipse projects" value="C:\Users\JBispo\Desktop\test\build.xml" />
    <property name="java.vendor.url.bug.ivy.specs-java-libs.settings" value="https://bugreport.java.com/bugreport/" />
    <property name="user.country.ivy.specs-java-libs.settings" value="GB" />
    <property name="ivy.resolver.default.check.modified" value="false" />
    <property name="ivy.conf.dir.ivy.specs-java-libs.settings" value="C:\Users\JBispo\AppData\Local\Temp\specs_git_repos\specs-java-libs" />
    <property name="ivy.nb.targets.copied" value="73" />
    <property name="ant.project.name" value="Build file for Eclipse projects" />
    <property name="line.separator.ivy.specs-java-libs.settings" value="&#xd;&#xa;" />
    <property name="sun.awt.enableExtraMouseButtons.ivy.specs-java-libs.settings" value="true" />
    <property name="ivy.home.ivy.specs-java-libs.settings" value="C:\Users\JBispo\.ivy2" />
    <property name="java.vm.specification.version" value="15" />
    <property name="ant.file.type.Build file for Eclipse projects" value="file" />
    <property name="ivy.cache.ttl.default.ivy.specs-java-libs.settings" value="10s" />
    <property name="sun.cpu.isalist" value="amd64" />
    <property name="sun.stderr.encoding" value="cp437" />
    <property name="ivy.build.artifacts.dir.ivy.specs-java-libs.settings" value="C:\Users\JBispo\Desktop\test/build/artifacts" />
    <property name="java.vm.compressedOopsMode" value="Zero based" />
    <property name="os.version.ivy.specs-java-libs.settings" value="10.0" />
    <property name="ivy.deps.changed" value="false" />
    <property name="os.version" value="10.0" />
    <property name="path.separator.ivy.specs-java-libs.settings" value=";" />
    <property name="user.home" value="C:\Users\JBispo" />
    <property name="java.version.date.ivy.specs-java-libs.settings" value="2020-09-15" />
    <property name="java.vm.vendor" value="Oracle Corporation" />
    <property name="ivy.organisation" value="specs.fe.up.pt" />
    <property name="user.dir" value="C:\Users\JBispo\Desktop\test" />
    <property name="user.timezone.ivy.specs-java-libs.settings" value="Europe/Lisbon" />
    <property name="ivy.conf.url.ivy.specs-java-libs.settings" value="file:/C:/Users/JBispo/AppData/Local/Temp/specs_git_repos/specs-java-libs/ivysettings.xml" />
    <property name="ivy.publish.src.artifacts.pattern" value="C:\Users\JBispo\Desktop\test/distrib/[type]s/[artifact]-[revision](-[classifier]).[ext]" />
    <property name="ivy.settings.dir.ivy.specs-java-libs.settings" value="C:\Users\JBispo\AppData\Local\Temp\specs_git_repos\specs-java-libs" />
    <property name="java.vm.specification.name.ivy.specs-java-libs.settings" value="Java Virtual Machine Specification" />
    <property name="user.language.ivy.specs-java-libs.settings" value="en" />
    <property name="ivy.distrib.dir" value="C:\Users\JBispo\Desktop\test/distrib" />
    <property name="sun.cpu.endian" value="little" />
    <property name="sun.cpu.endian.ivy.specs-java-libs.settings" value="little" />
    <property name="ivy.revision" value="working@MININT-0CDNVTD" />
    <property name="ivy.distrib.dir.ivy.specs-java-libs.settings" value="C:\Users\JBispo\Desktop\test/distrib" />
    <property name="java.vm.version" value="15+36-1562" />
    <property name="sun.java.command.ivy.specs-java-libs.settings" value="eclipse-build.jar --config https://raw.githubusercontent.com/specs-feup/specs-java-libs/testing-workflow/eclipse.build" />
    <property name="ivy.default.ivy.user.dir" value="C:\Users\JBispo\.ivy2" />
    <property name="java.class.path" value="C:\Users\JBispo\Desktop\test\junit.jar;C:\Users\JBispo\Desktop\test\hamcrest.core.jar;C:\Users\JBispo\AppData\Local\Temp\specs_git_repos\specs-java-libs\SpecsUtils\bin;C:\Users\JBispo\AppData\Local\Temp\specs_git_repos\specs-java-libs\XStreamPlus\bin;C:\Users\JBispo\AppData\Local\Temp\specs_git_repos\specs-java-libs\GuiHelper\bin;C:\Users\JBispo\AppData\Local\Temp\specs_git_repos\specs-java-libs\jOptions\bin;C:\Users\JBispo\AppData\Local\Temp\specs_git_repos\specs-java-libs\SymjaPlus\ivy\antlr4-runtime-jar-4.8-1.jar;C:\Users\JBispo\AppData\Local\Temp\specs_git_repos\specs-java-libs\SymjaPlus\ivy\apfloat-jar-1.10.1.jar;C:\Users\JBispo\AppData\Local\Temp\specs_git_repos\specs-java-libs\SymjaPlus\ivy\apfloat-javadoc-1.10.1.jar;C:\Users\JBispo\AppData\Local\Temp\specs_git_repos\specs-java-libs\SymjaPlus\ivy\apfloat-source-1.10.1.jar;C:\Users\JBispo\AppData\Local\Temp\specs_git_repos\specs-java-libs\SymjaPlus\ivy\apiguardian-api-jar-1.1.0.jar;C:\Users\JBispo\AppData\Local\Temp\specs_git_repos\specs-java-libs\SymjaPlus\ivy\checker-qual-jar-3.8.0.jar;C:\Users\JBispo\AppData\Local\Temp\specs_git_repos\specs-java-libs\SymjaPlus\ivy\commonmark-ext-gfm-tables-jar-0.17.2.jar;C:\Users\JBispo\AppData\Local\Temp\specs_git_repos\specs-java-libs\SymjaPlus\ivy\commonmark-jar-0.17.2.jar;C:\Users\JBispo\AppData\Local\Temp\specs_git_repos\specs-java-libs\SymjaPlus\ivy\commons-codec-jar-1.14.jar;C:\Users\JBispo\AppData\Local\Temp\specs_git_repos\specs-java-libs\SymjaPlus\ivy\commons-collections-jar-3.2.1.jar;C:\Users\JBispo\AppData\Local\Temp\specs_git_repos\specs-java-libs\SymjaPlus\ivy\commons-compiler-jar-3.1.4.jar;C:\Users\JBispo\AppData\Local\Temp\specs_git_repos\specs-java-libs\SymjaPlus\ivy\commons-csv-jar-1.4.jar;C:\Users\JBispo\AppData\Local\Temp\specs_git_repos\specs-java-libs\SymjaPlus\ivy\commons-io-jar-2.6.jar;C:\Users\JBispo\AppData\Local\Temp\specs_git_repos\specs-java-libs\SymjaPlus\ivy\commons-lang-jar-2.4.jar;C:\Users\JBispo\AppData\Local\Temp\specs_git_repos\specs-java-libs\SymjaPlus\ivy\commons-lang3-jar-3.11.jar;C:\Users\JBispo\AppData\Local\Temp\specs_git_repos\specs-java-libs\SymjaPlus\ivy\commons-text-jar-1.8.jar;C:\Users\JBispo\AppData\Local\Temp\specs_git_repos\specs-java-libs\SymjaPlus\ivy\error_prone_annotations-jar-2.5.1.jar;C:\Users\JBispo\AppData\Local\Temp\specs_git_repos\specs-java-libs\SymjaPlus\ivy\failureaccess-bundle-1.0.1.jar;C:\Users\JBispo\AppData\Local\Temp\specs_git_repos\specs-java-libs\SymjaPlus\ivy\fastutil-jar-8.5.2.jar;C:\Users\JBispo\AppData\Local\Temp\specs_git_repos\specs-java-libs\SymjaPlus\ivy\geodesy-jar-1.1.3.jar;C:\Users\JBispo\AppData\Local\Temp\specs_git_repos\specs-java-libs\SymjaPlus\ivy\guava-bundle-30.1.1-jre.jar;C:\Users\JBispo\AppData\Local\Temp\specs_git_repos\specs-java-libs\SymjaPlus\ivy\hamcrest-core-jar-1.3.jar;C:\Users\JBispo\AppData\Local\Temp\specs_git_repos\specs-java-libs\SymjaPlus\ivy\hipparchus-clustering-jar-2.0-SNAPSHOT.jar;C:\Users\JBispo\AppData\Local\Temp\specs_git_repos\specs-java-libs\SymjaPlus\ivy\hipparchus-core-jar-2.0-SNAPSHOT.jar;C:\Users\JBispo\AppData\Local\Temp\specs_git_repos\specs-java-libs\SymjaPlus\ivy\hipparchus-fft-jar-2.0-SNAPSHOT.jar;C:\Users\JBispo\AppData\Local\Temp\specs_git_repos\specs-java-libs\SymjaPlus\ivy\hipparchus-fitting-jar-2.0-SNAPSHOT.jar;C:\Users\JBispo\AppData\Local\Temp\specs_git_repos\specs-java-libs\SymjaPlus\ivy\hipparchus-ode-jar-2.0-SNAPSHOT.jar;C:\Users\JBispo\AppData\Local\Temp\specs_git_repos\specs-java-libs\SymjaPlus\ivy\hipparchus-optim-jar-2.0-SNAPSHOT.jar;C:\Users\JBispo\AppData\Local\Temp\specs_git_repos\specs-java-libs\SymjaPlus\ivy\hipparchus-stat-jar-2.0-SNAPSHOT.jar;C:\Users\JBispo\AppData\Local\Temp\specs_git_repos\specs-java-libs\SymjaPlus\ivy\icu4j-jar-68.2.jar;C:\Users\JBispo\AppData\Local\Temp\specs_git_repos\specs-java-libs\SymjaPlus\ivy\j2objc-annotations-jar-1.3.jar;C:\Users\JBispo\AppData\Local\Temp\specs_git_repos\specs-java-libs\SymjaPlus\ivy\jackson-annotations-bundle-2.11.0.jar;C:\Users\JBispo\AppData\Local\Temp\specs_git_repos\specs-java-libs\SymjaPlus\ivy\jackson-core-bundle-2.11.0.jar;C:\Users\JBispo\AppData\Local\Temp\specs_git_repos\specs-java-libs\SymjaPlus\ivy\jackson-databind-bundle-2.11.0.jar;C:\Users\JBispo\AppData\Local\Temp\specs_git_repos\specs-java-libs\SymjaPlus\ivy\jackson-dataformat-xml-bundle-2.9.7.jar;C:\Users\JBispo\AppData\Local\Temp\specs_git_repos\specs-java-libs\SymjaPlus\ivy\jackson-datatype-jsr310-bundle-2.11.0.jar;C:\Users\JBispo\AppData\Local\Temp\specs_git_repos\specs-java-libs\SymjaPlus\ivy\jackson-module-jaxb-annotations-bundle-2.9.7.jar;C:\Users\JBispo\AppData\Local\Temp\specs_git_repos\specs-java-libs\SymjaPlus\ivy\janino-jar-3.1.4.jar;C:\Users\JBispo\AppData\Local\Temp\specs_git_repos\specs-java-libs\SymjaPlus\ivy\jheaps-jar-0.13.jar;C:\Users\JBispo\AppData\Local\Temp\specs_git_repos\specs-java-libs\SymjaPlus\ivy\jsr305-jar-3.0.0.jar;C:\Users\JBispo\AppData\Local\Temp\specs_git_repos\specs-java-libs\SymjaPlus\ivy\junit-jar-4.13.2.jar;C:\Users\JBispo\AppData\Local\Temp\specs_git_repos\specs-java-libs\SymjaPlus\ivy\junit-jupiter-api-jar-5.7.2.jar;C:\Users\JBispo\AppData\Local\Temp\specs_git_repos\specs-java-libs\SymjaPlus\ivy\junit-jupiter-engine-jar-5.7.2.jar;C:\Users\JBispo\AppData\Local\Temp\specs_git_repos\specs-java-libs\SymjaPlus\ivy\junit-platform-commons-jar-1.7.2.jar;C:\Users\JBispo\AppData\Local\Temp\specs_git_repos\specs-java-libs\SymjaPlus\ivy\junit-platform-engine-jar-1.7.2.jar;C:\Users\JBispo\AppData\Local\Temp\specs_git_repos\specs-java-libs\SymjaPlus\ivy\junit-vintage-engine-jar-5.7.2.jar;C:\Users\JBispo\AppData\Local\Temp\specs_git_repos\specs-java-libs\SymjaPlus\ivy\listenablefuture-jar-9999.0-empty-to-avoid-conflict-with-guava.jar;C:\Users\JBispo\AppData\Local\Temp\specs_git_repos\specs-java-libs\SymjaPlus\ivy\log4j-1.2-api-bundle-2.11.2.jar;C:\Users\JBispo\AppData\Local\Temp\specs_git_repos\specs-java-libs\SymjaPlus\ivy\log4j-1.2-api-javadoc-2.11.2.jar;C:\Users\JBispo\AppData\Local\Temp\specs_git_repos\specs-java-libs\SymjaPlus\ivy\log4j-1.2-api-source-2.11.2.jar;C:\Users\JBispo\AppData\Local\Temp\specs_git_repos\specs-java-libs\SymjaPlus\ivy\log4j-api-jar-2.13.2.jar;C:\Users\JBispo\AppData\Local\Temp\specs_git_repos\specs-java-libs\SymjaPlus\ivy\log4j-core-jar-2.13.2.jar;C:\Users\JBispo\AppData\Local\Temp\specs_git_repos\specs-java-libs\SymjaPlus\ivy\log4j-over-slf4j-jar-1.7.25.jar;C:\Users\JBispo\AppData\Local\Temp\specs_git_repos\specs-java-libs\SymjaPlus\ivy\logicng-jar-2.0.2.jar;C:\Users\JBispo\AppData\Local\Temp\specs_git_repos\specs-java-libs\SymjaPlus\ivy\matheclipse-core-jar-2.0.0-SNAPSHOT.jar;C:\Users\JBispo\AppData\Local\Temp\specs_git_repos\specs-java-libs\SymjaPlus\ivy\matheclipse-core-javadoc-2.0.0-SNAPSHOT.jar;C:\Users\JBispo\AppData\Local\Temp\specs_git_repos\specs-java-libs\SymjaPlus\ivy\matheclipse-core-source-2.0.0-SNAPSHOT.jar;C:\Users\JBispo\AppData\Local\Temp\specs_git_repos\specs-java-libs\SymjaPlus\ivy\matheclipse-external-jar-2.0.0-SNAPSHOT.jar;C:\Users\JBispo\AppData\Local\Temp\specs_git_repos\specs-java-libs\SymjaPlus\ivy\matheclipse-frontend-jar-2.0.0-SNAPSHOT.jar;C:\Users\JBispo\AppData\Local\Temp\specs_git_repos\specs-java-libs\SymjaPlus\ivy\matheclipse-gpl-jar-2.0.0-SNAPSHOT.jar;C:\Users\JBispo\AppData\Local\Temp\specs_git_repos\specs-java-libs\SymjaPlus\ivy\matheclipse-gpl-javadoc-2.0.0-SNAPSHOT.jar;C:\Users\JBispo\AppData\Local\Temp\specs_git_repos\specs-java-libs\SymjaPlus\ivy\matheclipse-gpl-source-2.0.0-SNAPSHOT.jar;C:\Users\JBispo\AppData\Local\Temp\specs_git_repos\specs-java-libs\SymjaPlus\ivy\opentest4j-jar-1.2.0.jar;C:\Users\JBispo\AppData\Local\Temp\specs_git_repos\specs-java-libs\SymjaPlus\ivy\org.apache.felix.framework-bundle-5.6.10.jar;C:\Users\JBispo\AppData\Local\Temp\specs_git_repos\specs-java-libs\SymjaPlus\ivy\org.eclipse.osgi-jar-3.12.1.v20170821-1548.jar;C:\Users\JBispo\AppData\Local\Temp\specs_git_repos\specs-java-libs\SymjaPlus\ivy\pebble-jar-3.1.5.jar;C:\Users\JBispo\AppData\Local\Temp\specs_git_repos\specs-java-libs\SymjaPlus\ivy\slf4j-api-jar-1.7.25.jar;C:\Users\JBispo\AppData\Local\Temp\specs_git_repos\specs-java-libs\SymjaPlus\ivy\slf4j-simple-jar-1.7.25.jar;C:\Users\JBispo\AppData\Local\Temp\specs_git_repos\specs-java-libs\SymjaPlus\ivy\stax2-api-bundle-3.1.4.jar;C:\Users\JBispo\AppData\Local\Temp\specs_git_repos\specs-java-libs\SymjaPlus\ivy\unbescape-jar-1.1.6.RELEASE.jar;C:\Users\JBispo\AppData\Local\Temp\specs_git_repos\specs-java-libs\SymjaPlus\ivy\univocity-parsers-jar-2.8.4.jar;C:\Users\JBispo\AppData\Local\Temp\specs_git_repos\specs-java-libs\SymjaPlus\ivy\velocity-jar-1.7.jar;C:\Users\JBispo\AppData\Local\Temp\specs_git_repos\specs-java-libs\SymjaPlus\ivy\woodstox-core-bundle-5.0.3.jar;C:\Users\JBispo\AppData\Local\Temp\specs_git_repos\specs-java-libs\XStreamPlus\ivy\activation-jar-1.1.1.jar;C:\Users\JBispo\AppData\Local\Temp\specs_git_repos\specs-java-libs\XStreamPlus\ivy\cglib-nodep-jar-2.2.jar;C:\Users\JBispo\AppData\Local\Temp\specs_git_repos\specs-java-libs\XStreamPlus\ivy\commons-lang-jar-2.4.jar;C:\Users\JBispo\AppData\Local\Temp\specs_git_repos\specs-java-libs\XStreamPlus\ivy\dom4j-jar-1.6.1.jar;C:\Users\JBispo\AppData\Local\Temp\specs_git_repos\specs-java-libs\XStreamPlus\ivy\javax.activation-api-jar-1.2.0.jar;C:\Users\JBispo\AppData\Local\Temp\specs_git_repos\specs-java-libs\XStreamPlus\ivy\jaxb-api-jar-2.3.1.jar;C:\Users\JBispo\AppData\Local\Temp\specs_git_repos\specs-java-libs\XStreamPlus\ivy\jaxws-rt-jar-2.2.jar;C:\Users\JBispo\AppData\Local\Temp\specs_git_repos\specs-java-libs\XStreamPlus\ivy\jdom-jar-1.1.3.jar;C:\Users\JBispo\AppData\Local\Temp\specs_git_repos\specs-java-libs\XStreamPlus\ivy\jdom2-jar-2.0.5.jar;C:\Users\JBispo\AppData\Local\Temp\specs_git_repos\specs-java-libs\XStreamPlus\ivy\jettison-bundle-1.2.jar;C:\Users\JBispo\AppData\Local\Temp\specs_git_repos\specs-java-libs\XStreamPlus\ivy\jmock-jar-1.0.1.jar;C:\Users\JBispo\AppData\Local\Temp\specs_git_repos\specs-java-libs\XStreamPlus\ivy\joda-time-jar-1.6.jar;C:\Users\JBispo\AppData\Local\Temp\specs_git_repos\specs-java-libs\XStreamPlus\ivy\json-jar-20080701.jar;C:\Users\JBispo\AppData\Local\Temp\specs_git_repos\specs-java-libs\XStreamPlus\ivy\junit-jar-3.8.1.jar;C:\Users\JBispo\AppData\Local\Temp\specs_git_repos\specs-java-libs\XStreamPlus\ivy\kxml2-min-jar-2.3.0.jar;C:\Users\JBispo\AppData\Local\Temp\specs_git_repos\specs-java-libs\XStreamPlus\ivy\mxparser-jar-1.2.2.jar;C:\Users\JBispo\AppData\Local\Temp\specs_git_repos\specs-java-libs\XStreamPlus\ivy\stax-api-jar-1.0.1.jar;C:\Users\JBispo\AppData\Local\Temp\specs_git_repos\specs-java-libs\XStreamPlus\ivy\stax-jar-1.2.0.jar;C:\Users\JBispo\AppData\Local\Temp\specs_git_repos\specs-java-libs\XStreamPlus\ivy\wstx-asl-jar-3.2.7.jar;C:\Users\JBispo\AppData\Local\Temp\specs_git_repos\specs-java-libs\XStreamPlus\ivy\xml-writer-jar-0.2.jar;C:\Users\JBispo\AppData\Local\Temp\specs_git_repos\specs-java-libs\XStreamPlus\ivy\xmlpull-jar-1.1.3.1.jar;C:\Users\JBispo\AppData\Local\Temp\specs_git_repos\specs-java-libs\XStreamPlus\ivy\xom-jar-1.1.jar;C:\Users\JBispo\AppData\Local\Temp\specs_git_repos\specs-java-libs\XStreamPlus\ivy\xpp3_min-jar-1.1.4c.jar;C:\Users\JBispo\AppData\Local\Temp\specs_git_repos\specs-java-libs\XStreamPlus\ivy\xstream-jar-1.4.18.jar;C:\Users\JBispo\AppData\Local\Temp\specs_git_repos\specs-java-libs\XStreamPlus\ivy\xstream-javadoc-1.4.18.jar;C:\Users\JBispo\AppData\Local\Temp\specs_git_repos\specs-java-libs\XStreamPlus\ivy\xstream-source-1.4.18.jar;C:\Users\JBispo\AppData\Local\Temp\specs_git_repos\specs-java-libs\jOptions\ivy\activation-jar-1.1.1.jar;C:\Users\JBispo\AppData\Local\Temp\specs_git_repos\specs-java-libs\jOptions\ivy\animal-sniffer-annotations-jar-1.14.jar;C:\Users\JBispo\AppData\Local\Temp\specs_git_repos\specs-java-libs\jOptions\ivy\cglib-nodep-jar-2.2.jar;C:\Users\JBispo\AppData\Local\Temp\specs_git_repos\specs-java-libs\jOptions\ivy\commons-lang-jar-2.4.jar;C:\Users\JBispo\AppData\Local\Temp\specs_git_repos\specs-java-libs\jOptions\ivy\dom4j-jar-1.6.1.jar;C:\Users\JBispo\AppData\Local\Temp\specs_git_repos\specs-java-libs\jOptions\ivy\error_prone_annotations-jar-2.0.2.jar;C:\Users\JBispo\AppData\Local\Temp\specs_git_repos\specs-java-libs\jOptions\ivy\gson-jar-2.4.jar;C:\Users\JBispo\AppData\Local\Temp\specs_git_repos\specs-java-libs\jOptions\ivy\gson-javadoc-2.4.jar;C:\Users\JBispo\AppData\Local\Temp\specs_git_repos\specs-java-libs\jOptions\ivy\gson-source-2.4.jar;C:\Users\JBispo\AppData\Local\Temp\specs_git_repos\specs-java-libs\jOptions\ivy\guava-bundle-19.0.jar;C:\Users\JBispo\AppData\Local\Temp\specs_git_repos\specs-java-libs\jOptions\ivy\guava-javadoc-19.0.jar;C:\Users\JBispo\AppData\Local\Temp\specs_git_repos\specs-java-libs\jOptions\ivy\guava-source-19.0.jar;C:\Users\JBispo\AppData\Local\Temp\specs_git_repos\specs-java-libs\jOptions\ivy\j2objc-annotations-jar-0.1.jar;C:\Users\JBispo\AppData\Local\Temp\specs_git_repos\specs-java-libs\jOptions\ivy\javax.activation-api-jar-1.2.0.jar;C:\Users\JBispo\AppData\Local\Temp\specs_git_repos\specs-java-libs\jOptions\ivy\jaxb-api-jar-2.3.1.jar;C:\Users\JBispo\AppData\Local\Temp\specs_git_repos\specs-java-libs\jOptions\ivy\jaxws-rt-jar-2.2.jar;C:\Users\JBispo\AppData\Local\Temp\specs_git_repos\specs-java-libs\jOptions\ivy\jdom-jar-1.1.3.jar;C:\Users\JBispo\AppData\Local\Temp\specs_git_repos\specs-java-libs\jOptions\ivy\jdom2-jar-2.0.5.jar;C:\Users\JBispo\AppData\Local\Temp\specs_git_repos\specs-java-libs\jOptions\ivy\jettison-bundle-1.2.jar;C:\Users\JBispo\AppData\Local\Temp\specs_git_repos\specs-java-libs\jOptions\ivy\jmock-jar-1.0.1.jar;C:\Users\JBispo\AppData\Local\Temp\specs_git_repos\specs-java-libs\jOptions\ivy\joda-time-jar-1.6.jar;C:\Users\JBispo\AppData\Local\Temp\specs_git_repos\specs-java-libs\jOptions\ivy\json-jar-20080701.jar;C:\Users\JBispo\AppData\Local\Temp\specs_git_repos\specs-java-libs\jOptions\ivy\jsr305-jar-1.3.9.jar;C:\Users\JBispo\AppData\Local\Temp\specs_git_repos\specs-java-libs\jOptions\ivy\junit-jar-3.8.2.jar;C:\Users\JBispo\AppData\Local\Temp\specs_git_repos\specs-java-libs\jOptions\ivy\kxml2-min-jar-2.3.0.jar;C:\Users\JBispo\AppData\Local\Temp\specs_git_repos\specs-java-libs\jOptions\ivy\mxparser-jar-1.2.2.jar;C:\Users\JBispo\AppData\Local\Temp\specs_git_repos\specs-java-libs\jOptions\ivy\stax-api-jar-1.0.1.jar;C:\Users\JBispo\AppData\Local\Temp\specs_git_repos\specs-java-libs\jOptions\ivy\stax-jar-1.2.0.jar;C:\Users\JBispo\AppData\Local\Temp\specs_git_repos\specs-java-libs\jOptions\ivy\wstx-asl-jar-3.2.7.jar;C:\Users\JBispo\AppData\Local\Temp\specs_git_repos\specs-java-libs\jOptions\ivy\xml-writer-jar-0.2.jar;C:\Users\JBispo\AppData\Local\Temp\specs_git_repos\specs-java-libs\jOptions\ivy\xmlpull-jar-1.1.3.1.jar;C:\Users\JBispo\AppData\Local\Temp\specs_git_repos\specs-java-libs\jOptions\ivy\xom-jar-1.1.jar;C:\Users\JBispo\AppData\Local\Temp\specs_git_repos\specs-java-libs\jOptions\ivy\xpp3_min-jar-1.1.4c.jar;C:\Users\JBispo\AppData\Local\Temp\specs_git_repos\specs-java-libs\jOptions\ivy\xstream-jar-1.4.18.jar;C:\Users\JBispo\AppData\Local\Temp\specs_git_repos\specs-java-libs\jOptions\ivy\xstream-javadoc-1.4.18.jar;C:\Users\JBispo\AppData\Local\Temp\specs_git_repos\specs-java-libs\jOptions\ivy\xstream-source-1.4.18.jar;C:\Users\JBispo\AppData\Local\Temp\specs_git_repos\specs-java-libs\SymjaPlus\bin;C:\Program Files\Portugal Identity Card;C:\Users\JBispo\Desktop\test\eclipse-build.jar" />
    <property name="ivy.checksums.ivy.specs-java-libs.settings" value="sha1,md5" />
    <property name="os.arch" value="amd64" />
    <property name="ivy.conf.file" value="C:\Users\JBispo\AppData\Local\Temp\specs_git_repos\specs-java-libs\ivysettings.xml" />
    <property name="sun.stderr.encoding.ivy.specs-java-libs.settings" value="cp437" />
    <property name="sun.java.launcher" value="SUN_STANDARD" />
    <property name="ant.core.lib" value="C:\Users\JBispo\Desktop\test\eclipse-build.jar" />
    <property name="ivy.settings.dir" value="C:\Users\JBispo\AppData\Local\Temp\specs_git_repos\specs-java-libs" />
    <property name="java.vm.specification.vendor" value="Oracle Corporation" />
    <property name="file.separator" value="\" />
    <property name="ivy.settings.url.ivy.specs-java-libs.settings" value="file:/C:/Users/JBispo/AppData/Local/Temp/specs_git_repos/specs-java-libs/ivysettings.xml" />
    <property name="user.name.ivy.specs-java-libs.settings" value="JBispo" />
    <property name="java.vm.info.ivy.specs-java-libs.settings" value="mixed mode, sharing" />
    <property name="java.runtime.version" value="15+36-1562" />
    <property name="sun.cpu.isalist.ivy.specs-java-libs.settings" value="amd64" />
    <property name="java.vm.version.ivy.specs-java-libs.settings" value="15+36-1562" />
    <property name="sun.management.compiler.ivy.specs-java-libs.settings" value="HotSpot 64-Bit Tiered Compilers" />
    <property name="ivy.log.modules.in.use.ivy.specs-java-libs.settings" value="false" />
    <property name="ivy.conf.dir" value="C:\Users\JBispo\AppData\Local\Temp\specs_git_repos\specs-java-libs" />
    <property name="ivy.retrieve.pattern" value="C:\Users\JBispo\Desktop\test/lib/[artifact]-[revision](-[classifier]).[ext]" />
    <property name="sun.jnu.encoding.ivy.specs-java-libs.settings" value="Cp1252" />
    <property name="user.country" value="GB" />
    <property name="ivy.resolved.file" value="C:\Users\JBispo\AppData\Local\Temp\specs_git_repos\specs-java-libs\SymjaPlus\ivy.xml" />
    <property name="ivy.resolver.default.check.modified.ivy.specs-java-libs.settings" value="false" />
    <property name="os.arch.ivy.specs-java-libs.settings" value="amd64" />
    <property name="java.specification.name.ivy.specs-java-libs.settings" value="Java Platform API Specification" />
    <property name="java.vendor" value="Oracle Corporation" />
    <property name="ivy.project.dir" value="C:\Users\JBispo\Desktop\test" />
    <property name="java.vm.specification.version.ivy.specs-java-libs.settings" value="15" />
    <property name="java.specification.version" value="15" />
    <property name="ivy.buildlist.ivyfilepath" value="ivy.xml" />
    <property name="sun.arch.data.model" value="64" />
  </properties>
  <testcase classname="pt.up.fe.specs.symja.SymjaTest" name="parser" time="0.073" />
  <testcase classname="pt.up.fe.specs.symja.SymjaTest" name="test" time="1.074" />
  <testcase classname="pt.up.fe.specs.symja.SymjaTest" name="adiExpressions" time="0.027" />
  <system-out><![CDATA[SymjaFunction: SymjaFunction []
  SymjaOperator: SymjaOperator [operator: Times]
  SymjaSymbol: SymjaSymbol [symbol: N]
  SymjaSymbol: SymjaSymbol [symbol: M]
  SymjaFunction: SymjaFunction []
    SymjaOperator: SymjaOperator [operator: Plus]
    SymjaSymbol: SymjaSymbol [symbol: i]
    SymjaFunction: SymjaFunction []
      SymjaOperator: SymjaOperator [operator: Times]
      SymjaInteger: SymjaInteger [valueString: -1]
      SymjaSymbol: SymjaSymbol [symbol: N]

C Code: (N * M * (i + (-1 * N)))
C Code After Remove Minus One transform: (N * M * (i + (-N)))
C Code After Replace Unary Minus: (N * M * (i - N))
C Code After parenthesis: N * M * (i - N)
Symja: 57*tsteps-64*n*tsteps+18*n^2*tsteps
C: 57 * tsteps + -1 * (64 * n * tsteps) + 18 * pow(n, 2) * tsteps
Symja: 7+16*tsteps-16*n*tsteps+4*n^2*tsteps
C: 7 + 16 * tsteps + -1 * (16 * n * tsteps) + 4 * pow(n, 2) * tsteps
Symja: 2+56*tsteps-56*n*tsteps+14*n^2*tsteps
C: 2 + 56 * tsteps + -1 * (56 * n * tsteps) + 14 * pow(n, 2) * tsteps
Symja: 4+64*tsteps-64*n*tsteps+16*n^2*tsteps
C: 4 + 64 * tsteps + -1 * (64 * n * tsteps) + 16 * pow(n, 2) * tsteps
]]></system-out>
  <system-err><![CDATA[SLF4J: Class path contains multiple SLF4J bindings.
SLF4J: Found binding in [jar:file:/C:/Users/JBispo/AppData/Local/Temp/specs_git_repos/specs-java-libs/SymjaPlus/ivy/slf4j-simple-jar-1.7.25.jar!/org/slf4j/impl/StaticLoggerBinder.class]
SLF4J: Found binding in [jar:file:/C:/Users/JBispo/Desktop/test/eclipse-build.jar!/org/slf4j/impl/StaticLoggerBinder.class]
SLF4J: See http://www.slf4j.org/codes.html#multiple_bindings for an explanation.
SLF4J: Actual binding is of type [org.slf4j.impl.SimpleLoggerFactory]
]]></system-err>
</testsuite>
